2024-04-15 03:10:54,880 - INFO -  main.py update
2024-04-15 03:10:54,880 - INFO - Starting ApiManager
2024-04-15 03:10:54,887 - DEBUG - URL being requested: GET https://www.googleapis.com/drive/v3/files?fields=files%28id%2C+name%2C+parents%29%2C+nextPageToken%2C+incompleteSearch&q=mimeType%3D%27application%2Fvnd.google-apps.spreadsheet%27&pageSize=500&orderBy=recency&alt=json
2024-04-15 03:10:54,912 - DEBUG - Making request: POST https://oauth2.googleapis.com/token
2024-04-15 03:10:55,601 - DEBUG - URL being requested: GET https://sheets.googleapis.com/v4/spreadsheets/1PMEixuKquGtJE2oyvCCLt96LFl5yqVfwAOMWcTz-FU4?includeGridData=false&fields=%2A&alt=json
2024-04-15 03:10:57,207 - INFO - Starting update
2024-04-15 03:10:57,207 - INFO - Starting plano_financeiro
2024-04-15 03:10:57,208 - DEBUG - Starting new HTTPS connection (1): api.sienge.com.br:443
2024-04-15 03:10:57,519 - DEBUG - https://api.sienge.com.br:443 "GET /retrofit/public/api/v1/payment-categories HTTP/1.1" 200 None
2024-04-15 03:10:57,574 - DEBUG - URL being requested: POST https://sheets.googleapis.com/v4/spreadsheets/1PMEixuKquGtJE2oyvCCLt96LFl5yqVfwAOMWcTz-FU4:batchUpdate?fields=%2A&alt=json
2024-04-15 03:10:58,007 - DEBUG - URL being requested: GET https://sheets.googleapis.com/v4/spreadsheets/1PMEixuKquGtJE2oyvCCLt96LFl5yqVfwAOMWcTz-FU4?fields=properties%2Csheets%28properties%2CprotectedRanges%2Cmerges%2CconditionalFormats%2CfilterViews%29%2CspreadsheetId%2CnamedRanges&includeGridData=false&alt=json
2024-04-15 03:10:58,174 - DEBUG - URL being requested: PUT https://sheets.googleapis.com/v4/spreadsheets/1PMEixuKquGtJE2oyvCCLt96LFl5yqVfwAOMWcTz-FU4/values/%27plano_financeiro%27%21A1%3AC2?valueInputOption=USER_ENTERED&alt=json
2024-04-15 03:10:58,389 - DEBUG - URL being requested: GET https://sheets.googleapis.com/v4/spreadsheets/1PMEixuKquGtJE2oyvCCLt96LFl5yqVfwAOMWcTz-FU4?fields=properties%2Csheets%28properties%2CprotectedRanges%2Cmerges%2CconditionalFormats%2CfilterViews%29%2CspreadsheetId%2CnamedRanges&includeGridData=false&alt=json
2024-04-15 03:10:58,612 - DEBUG - URL being requested: PUT https://sheets.googleapis.com/v4/spreadsheets/1PMEixuKquGtJE2oyvCCLt96LFl5yqVfwAOMWcTz-FU4/values/%27plano_financeiro%27%21A2%3AC202?valueInputOption=USER_ENTERED&alt=json
2024-04-15 03:10:58,800 - DEBUG - URL being requested: POST https://sheets.googleapis.com/v4/spreadsheets/1PMEixuKquGtJE2oyvCCLt96LFl5yqVfwAOMWcTz-FU4:batchUpdate?fields=%2A&alt=json
2024-04-15 03:10:59,739 - DEBUG - URL being requested: GET https://sheets.googleapis.com/v4/spreadsheets/1PMEixuKquGtJE2oyvCCLt96LFl5yqVfwAOMWcTz-FU4/values/%27contas_a_pagar%27?majorDimension=ROWS&valueRenderOption=UNFORMATTED_VALUE&dateTimeRenderOption=SERIAL_NUMBER&alt=json
2024-04-15 03:11:00,380 - INFO - Starting contas_a_pagar
2024-04-15 03:11:00,382 - DEBUG - Starting new HTTPS connection (1): api.sienge.com.br:443
2024-04-15 03:11:02,192 - DEBUG - https://api.sienge.com.br:443 "GET /retrofit/public/api/bulk-data/v1/outcome?startDate=2024-03-01&endDate=2024-04-30&selectionType=P&correctionIndexerId=0&correctionDate=2024-03-01 HTTP/1.1" 200 None
2024-04-15 03:11:49,348 - DEBUG - URL being requested: GET https://sheets.googleapis.com/v4/spreadsheets/1PMEixuKquGtJE2oyvCCLt96LFl5yqVfwAOMWcTz-FU4/values/%27plano_financeiro%27?majorDimension=ROWS&valueRenderOption=UNFORMATTED_VALUE&dateTimeRenderOption=SERIAL_NUMBER&alt=json
2024-04-15 03:11:49,655 - DEBUG - URL being requested: POST https://sheets.googleapis.com/v4/spreadsheets/1PMEixuKquGtJE2oyvCCLt96LFl5yqVfwAOMWcTz-FU4:batchUpdate?fields=%2A&alt=json
2024-04-15 03:11:49,846 - DEBUG - URL being requested: GET https://sheets.googleapis.com/v4/spreadsheets/1PMEixuKquGtJE2oyvCCLt96LFl5yqVfwAOMWcTz-FU4?fields=properties%2Csheets%28properties%2CprotectedRanges%2Cmerges%2CconditionalFormats%2CfilterViews%29%2CspreadsheetId%2CnamedRanges&includeGridData=false&alt=json
2024-04-15 03:11:50,014 - DEBUG - URL being requested: PUT https://sheets.googleapis.com/v4/spreadsheets/1PMEixuKquGtJE2oyvCCLt96LFl5yqVfwAOMWcTz-FU4/values/%27contas_a_pagar%27%21A1%3AG2?valueInputOption=USER_ENTERED&alt=json
2024-04-15 03:11:50,200 - DEBUG - URL being requested: GET https://sheets.googleapis.com/v4/spreadsheets/1PMEixuKquGtJE2oyvCCLt96LFl5yqVfwAOMWcTz-FU4?fields=properties%2Csheets%28properties%2CprotectedRanges%2Cmerges%2CconditionalFormats%2CfilterViews%29%2CspreadsheetId%2CnamedRanges&includeGridData=false&alt=json
2024-04-15 03:11:50,329 - DEBUG - URL being requested: PUT https://sheets.googleapis.com/v4/spreadsheets/1PMEixuKquGtJE2oyvCCLt96LFl5yqVfwAOMWcTz-FU4/values/%27contas_a_pagar%27%21A2%3AG8335?valueInputOption=USER_ENTERED&alt=json
2024-04-15 03:11:51,931 - DEBUG - URL being requested: PUT https://sheets.googleapis.com/v4/spreadsheets/1PMEixuKquGtJE2oyvCCLt96LFl5yqVfwAOMWcTz-FU4/values/%27contas_a_pagar%27%21A8335%3AG16668?valueInputOption=USER_ENTERED&alt=json
2024-04-15 03:11:53,140 - DEBUG - URL being requested: PUT https://sheets.googleapis.com/v4/spreadsheets/1PMEixuKquGtJE2oyvCCLt96LFl5yqVfwAOMWcTz-FU4/values/%27contas_a_pagar%27%21A16668%3AG19298?valueInputOption=USER_ENTERED&alt=json
2024-04-15 03:11:53,598 - DEBUG - URL being requested: POST https://sheets.googleapis.com/v4/spreadsheets/1PMEixuKquGtJE2oyvCCLt96LFl5yqVfwAOMWcTz-FU4:batchUpdate?fields=%2A&alt=json
2024-04-15 03:11:54,023 - DEBUG - URL being requested: GET https://sheets.googleapis.com/v4/spreadsheets/1PMEixuKquGtJE2oyvCCLt96LFl5yqVfwAOMWcTz-FU4/values/%27contas_a_receber%27?majorDimension=ROWS&valueRenderOption=UNFORMATTED_VALUE&dateTimeRenderOption=SERIAL_NUMBER&alt=json
2024-04-15 03:11:54,138 - INFO - Starting contas_a_receber
2024-04-15 03:11:54,140 - DEBUG - Starting new HTTPS connection (1): api.sienge.com.br:443
2024-04-15 03:12:09,904 - DEBUG - https://api.sienge.com.br:443 "GET /retrofit/public/api/bulk-data/v1/income?startDate=2024-03-01&endDate=2024-04-30&selectionType=P HTTP/1.1" 200 None
2024-04-15 03:12:10,146 - DEBUG - URL being requested: POST https://sheets.googleapis.com/v4/spreadsheets/1PMEixuKquGtJE2oyvCCLt96LFl5yqVfwAOMWcTz-FU4:batchUpdate?fields=%2A&alt=json
2024-04-15 03:12:10,360 - DEBUG - URL being requested: GET https://sheets.googleapis.com/v4/spreadsheets/1PMEixuKquGtJE2oyvCCLt96LFl5yqVfwAOMWcTz-FU4?fields=properties%2Csheets%28properties%2CprotectedRanges%2Cmerges%2CconditionalFormats%2CfilterViews%29%2CspreadsheetId%2CnamedRanges&includeGridData=false&alt=json
2024-04-15 03:12:10,472 - DEBUG - URL being requested: PUT https://sheets.googleapis.com/v4/spreadsheets/1PMEixuKquGtJE2oyvCCLt96LFl5yqVfwAOMWcTz-FU4/values/%27contas_a_receber%27%21A1%3AE2?valueInputOption=USER_ENTERED&alt=json
2024-04-15 03:12:10,626 - DEBUG - URL being requested: GET https://sheets.googleapis.com/v4/spreadsheets/1PMEixuKquGtJE2oyvCCLt96LFl5yqVfwAOMWcTz-FU4?fields=properties%2Csheets%28properties%2CprotectedRanges%2Cmerges%2CconditionalFormats%2CfilterViews%29%2CspreadsheetId%2CnamedRanges&includeGridData=false&alt=json
2024-04-15 03:12:10,739 - DEBUG - URL being requested: PUT https://sheets.googleapis.com/v4/spreadsheets/1PMEixuKquGtJE2oyvCCLt96LFl5yqVfwAOMWcTz-FU4/values/%27contas_a_receber%27%21A2%3AE670?valueInputOption=USER_ENTERED&alt=json
2024-04-15 03:12:10,968 - DEBUG - URL being requested: POST https://sheets.googleapis.com/v4/spreadsheets/1PMEixuKquGtJE2oyvCCLt96LFl5yqVfwAOMWcTz-FU4:batchUpdate?fields=%2A&alt=json
2024-04-15 03:12:11,170 - DEBUG - URL being requested: GET https://sheets.googleapis.com/v4/spreadsheets/1PMEixuKquGtJE2oyvCCLt96LFl5yqVfwAOMWcTz-FU4/values/%27contas_a_receber_vencimento%27?majorDimension=ROWS&valueRenderOption=UNFORMATTED_VALUE&dateTimeRenderOption=SERIAL_NUMBER&alt=json
2024-04-15 03:12:11,300 - INFO - Starting contas_a_receber_vencimento
2024-04-15 03:12:11,301 - DEBUG - Starting new HTTPS connection (1): api.sienge.com.br:443
2024-04-15 03:12:11,588 - DEBUG - https://api.sienge.com.br:443 "GET /retrofit/public/api/bulk-data/v1/income?startDate=2024-03-01&endDate=2025-10-31&selectionType=D HTTP/1.1" 200 None
2024-04-15 03:12:11,970 - DEBUG - URL being requested: POST https://sheets.googleapis.com/v4/spreadsheets/1PMEixuKquGtJE2oyvCCLt96LFl5yqVfwAOMWcTz-FU4:batchUpdate?fields=%2A&alt=json
2024-04-15 03:12:12,165 - DEBUG - URL being requested: GET https://sheets.googleapis.com/v4/spreadsheets/1PMEixuKquGtJE2oyvCCLt96LFl5yqVfwAOMWcTz-FU4?fields=properties%2Csheets%28properties%2CprotectedRanges%2Cmerges%2CconditionalFormats%2CfilterViews%29%2CspreadsheetId%2CnamedRanges&includeGridData=false&alt=json
2024-04-15 03:12:12,297 - DEBUG - URL being requested: PUT https://sheets.googleapis.com/v4/spreadsheets/1PMEixuKquGtJE2oyvCCLt96LFl5yqVfwAOMWcTz-FU4/values/%27contas_a_receber_vencimento%27%21A1%3AE2?valueInputOption=USER_ENTERED&alt=json
2024-04-15 03:12:12,451 - DEBUG - URL being requested: GET https://sheets.googleapis.com/v4/spreadsheets/1PMEixuKquGtJE2oyvCCLt96LFl5yqVfwAOMWcTz-FU4?fields=properties%2Csheets%28properties%2CprotectedRanges%2Cmerges%2CconditionalFormats%2CfilterViews%29%2CspreadsheetId%2CnamedRanges&includeGridData=false&alt=json
2024-04-15 03:12:12,562 - DEBUG - URL being requested: PUT https://sheets.googleapis.com/v4/spreadsheets/1PMEixuKquGtJE2oyvCCLt96LFl5yqVfwAOMWcTz-FU4/values/%27contas_a_receber_vencimento%27%21A2%3AE714?valueInputOption=USER_ENTERED&alt=json
2024-04-15 03:12:12,787 - DEBUG - URL being requested: POST https://sheets.googleapis.com/v4/spreadsheets/1PMEixuKquGtJE2oyvCCLt96LFl5yqVfwAOMWcTz-FU4:batchUpdate?fields=%2A&alt=json
2024-04-15 03:12:13,230 - INFO - Starting orcamento_empresarial
2024-04-15 03:12:13,231 - DEBUG - Starting new HTTPS connection (1): api.sienge.com.br:443
2024-04-15 03:12:13,622 - DEBUG - https://api.sienge.com.br:443 "GET /retrofit/public/api/bulk-data/v1/business-budget?startDate=2000-01-01&endDate=2025-10-31 HTTP/1.1" 200 None
2024-04-15 03:12:22,686 - INFO - Starting correlate_projects_description
2024-04-15 03:12:22,699 - DEBUG - URL being requested: POST https://sheets.googleapis.com/v4/spreadsheets/1PMEixuKquGtJE2oyvCCLt96LFl5yqVfwAOMWcTz-FU4:batchUpdate?fields=%2A&alt=json
2024-04-15 03:12:22,927 - DEBUG - URL being requested: GET https://sheets.googleapis.com/v4/spreadsheets/1PMEixuKquGtJE2oyvCCLt96LFl5yqVfwAOMWcTz-FU4?fields=properties%2Csheets%28properties%2CprotectedRanges%2Cmerges%2CconditionalFormats%2CfilterViews%29%2CspreadsheetId%2CnamedRanges&includeGridData=false&alt=json
2024-04-15 03:12:23,044 - DEBUG - URL being requested: PUT https://sheets.googleapis.com/v4/spreadsheets/1PMEixuKquGtJE2oyvCCLt96LFl5yqVfwAOMWcTz-FU4/values/%27projectId_description_non_related%27%21A1%3AD2?valueInputOption=USER_ENTERED&alt=json
2024-04-15 03:12:23,196 - DEBUG - URL being requested: GET https://sheets.googleapis.com/v4/spreadsheets/1PMEixuKquGtJE2oyvCCLt96LFl5yqVfwAOMWcTz-FU4?fields=properties%2Csheets%28properties%2CprotectedRanges%2Cmerges%2CconditionalFormats%2CfilterViews%29%2CspreadsheetId%2CnamedRanges&includeGridData=false&alt=json
2024-04-15 03:12:23,309 - DEBUG - URL being requested: PUT https://sheets.googleapis.com/v4/spreadsheets/1PMEixuKquGtJE2oyvCCLt96LFl5yqVfwAOMWcTz-FU4/values/%27projectId_description_non_related%27%21A2%3AD84?valueInputOption=USER_ENTERED&alt=json
2024-04-15 03:12:23,473 - DEBUG - URL being requested: POST https://sheets.googleapis.com/v4/spreadsheets/1PMEixuKquGtJE2oyvCCLt96LFl5yqVfwAOMWcTz-FU4:batchUpdate?fields=%2A&alt=json
2024-04-15 03:12:23,722 - DEBUG - URL being requested: POST https://sheets.googleapis.com/v4/spreadsheets/1PMEixuKquGtJE2oyvCCLt96LFl5yqVfwAOMWcTz-FU4:batchUpdate?fields=%2A&alt=json
2024-04-15 03:12:23,909 - DEBUG - URL being requested: GET https://sheets.googleapis.com/v4/spreadsheets/1PMEixuKquGtJE2oyvCCLt96LFl5yqVfwAOMWcTz-FU4?fields=properties%2Csheets%28properties%2CprotectedRanges%2Cmerges%2CconditionalFormats%2CfilterViews%29%2CspreadsheetId%2CnamedRanges&includeGridData=false&alt=json
2024-04-15 03:12:24,023 - DEBUG - URL being requested: PUT https://sheets.googleapis.com/v4/spreadsheets/1PMEixuKquGtJE2oyvCCLt96LFl5yqVfwAOMWcTz-FU4/values/%27orcamento_empresarial%27%21A1%3AI2?valueInputOption=USER_ENTERED&alt=json
2024-04-15 03:12:24,176 - DEBUG - URL being requested: GET https://sheets.googleapis.com/v4/spreadsheets/1PMEixuKquGtJE2oyvCCLt96LFl5yqVfwAOMWcTz-FU4?fields=properties%2Csheets%28properties%2CprotectedRanges%2Cmerges%2CconditionalFormats%2CfilterViews%29%2CspreadsheetId%2CnamedRanges&includeGridData=false&alt=json
2024-04-15 03:12:24,293 - DEBUG - URL being requested: PUT https://sheets.googleapis.com/v4/spreadsheets/1PMEixuKquGtJE2oyvCCLt96LFl5yqVfwAOMWcTz-FU4/values/%27orcamento_empresarial%27%21A2%3AI1252?valueInputOption=USER_ENTERED&alt=json
2024-04-15 03:12:24,629 - DEBUG - URL being requested: POST https://sheets.googleapis.com/v4/spreadsheets/1PMEixuKquGtJE2oyvCCLt96LFl5yqVfwAOMWcTz-FU4:batchUpdate?fields=%2A&alt=json
2024-04-15 03:12:24,876 - INFO - Starting orcamento_planejado
2024-04-15 03:12:24,877 - DEBUG - Starting new HTTPS connection (1): api.sienge.com.br:443
2024-04-15 03:12:25,533 - DEBUG - https://api.sienge.com.br:443 "GET /retrofit/public/api/bulk-data/v1/building-cost-estimation-items HTTP/1.1" 200 None
2024-04-15 03:12:43,207 - DEBUG - URL being requested: POST https://sheets.googleapis.com/v4/spreadsheets/1PMEixuKquGtJE2oyvCCLt96LFl5yqVfwAOMWcTz-FU4:batchUpdate?fields=%2A&alt=json
2024-04-15 03:12:43,821 - DEBUG - URL being requested: GET https://sheets.googleapis.com/v4/spreadsheets/1PMEixuKquGtJE2oyvCCLt96LFl5yqVfwAOMWcTz-FU4?fields=properties%2Csheets%28properties%2CprotectedRanges%2Cmerges%2CconditionalFormats%2CfilterViews%29%2CspreadsheetId%2CnamedRanges&includeGridData=false&alt=json
2024-04-15 03:12:43,927 - DEBUG - URL being requested: PUT https://sheets.googleapis.com/v4/spreadsheets/1PMEixuKquGtJE2oyvCCLt96LFl5yqVfwAOMWcTz-FU4/values/%27orcamento_planejado%27%21A1%3AD2?valueInputOption=USER_ENTERED&alt=json
2024-04-15 03:12:44,215 - DEBUG - URL being requested: GET https://sheets.googleapis.com/v4/spreadsheets/1PMEixuKquGtJE2oyvCCLt96LFl5yqVfwAOMWcTz-FU4?fields=properties%2Csheets%28properties%2CprotectedRanges%2Cmerges%2CconditionalFormats%2CfilterViews%29%2CspreadsheetId%2CnamedRanges&includeGridData=false&alt=json
2024-04-15 03:12:44,331 - DEBUG - URL being requested: PUT https://sheets.googleapis.com/v4/spreadsheets/1PMEixuKquGtJE2oyvCCLt96LFl5yqVfwAOMWcTz-FU4/values/%27orcamento_planejado%27%21A2%3AD133?valueInputOption=USER_ENTERED&alt=json
2024-04-15 03:12:44,512 - DEBUG - URL being requested: POST https://sheets.googleapis.com/v4/spreadsheets/1PMEixuKquGtJE2oyvCCLt96LFl5yqVfwAOMWcTz-FU4:batchUpdate?fields=%2A&alt=json
2024-04-15 03:12:45,041 - INFO - Finished update
