2024-03-15 00:43:40,565 - INFO -  main.py update
2024-03-15 00:43:40,565 - INFO - Starting ApiManager
2024-03-15 00:43:40,572 - DEBUG - URL being requested: GET https://www.googleapis.com/drive/v3/files?fields=files%28id%2C+name%2C+parents%29%2C+nextPageToken%2C+incompleteSearch&q=mimeType%3D%27application%2Fvnd.google-apps.spreadsheet%27&pageSize=500&orderBy=recency&alt=json
2024-03-15 00:43:40,597 - DEBUG - Making request: POST https://oauth2.googleapis.com/token
2024-03-15 00:43:41,183 - DEBUG - URL being requested: GET https://sheets.googleapis.com/v4/spreadsheets/1PMEixuKquGtJE2oyvCCLt96LFl5yqVfwAOMWcTz-FU4?includeGridData=false&fields=%2A&alt=json
2024-03-15 00:43:42,664 - INFO - Starting update
2024-03-15 00:43:42,664 - INFO - Starting plano_financeiro
2024-03-15 00:43:42,665 - DEBUG - Starting new HTTPS connection (1): api.sienge.com.br:443
2024-03-15 00:43:43,109 - DEBUG - https://api.sienge.com.br:443 "GET /retrofit/public/api/v1/payment-categories HTTP/1.1" 200 None
2024-03-15 00:43:43,171 - DEBUG - URL being requested: POST https://sheets.googleapis.com/v4/spreadsheets/1PMEixuKquGtJE2oyvCCLt96LFl5yqVfwAOMWcTz-FU4:batchUpdate?fields=%2A&alt=json
2024-03-15 00:43:43,835 - DEBUG - URL being requested: GET https://sheets.googleapis.com/v4/spreadsheets/1PMEixuKquGtJE2oyvCCLt96LFl5yqVfwAOMWcTz-FU4?fields=properties%2Csheets%28properties%2CprotectedRanges%2Cmerges%2CconditionalFormats%2CfilterViews%29%2CspreadsheetId%2CnamedRanges&includeGridData=false&alt=json
2024-03-15 00:43:43,983 - DEBUG - URL being requested: PUT https://sheets.googleapis.com/v4/spreadsheets/1PMEixuKquGtJE2oyvCCLt96LFl5yqVfwAOMWcTz-FU4/values/%27plano_financeiro%27%21A1%3AC2?valueInputOption=USER_ENTERED&alt=json
2024-03-15 00:43:44,230 - DEBUG - URL being requested: GET https://sheets.googleapis.com/v4/spreadsheets/1PMEixuKquGtJE2oyvCCLt96LFl5yqVfwAOMWcTz-FU4?fields=properties%2Csheets%28properties%2CprotectedRanges%2Cmerges%2CconditionalFormats%2CfilterViews%29%2CspreadsheetId%2CnamedRanges&includeGridData=false&alt=json
2024-03-15 00:43:44,450 - DEBUG - URL being requested: PUT https://sheets.googleapis.com/v4/spreadsheets/1PMEixuKquGtJE2oyvCCLt96LFl5yqVfwAOMWcTz-FU4/values/%27plano_financeiro%27%21A2%3AC202?valueInputOption=USER_ENTERED&alt=json
2024-03-15 00:43:44,673 - DEBUG - URL being requested: POST https://sheets.googleapis.com/v4/spreadsheets/1PMEixuKquGtJE2oyvCCLt96LFl5yqVfwAOMWcTz-FU4:batchUpdate?fields=%2A&alt=json
2024-03-15 00:43:45,786 - DEBUG - URL being requested: GET https://sheets.googleapis.com/v4/spreadsheets/1PMEixuKquGtJE2oyvCCLt96LFl5yqVfwAOMWcTz-FU4/values/%27contas_a_pagar%27?majorDimension=ROWS&valueRenderOption=UNFORMATTED_VALUE&dateTimeRenderOption=SERIAL_NUMBER&alt=json
2024-03-15 00:43:46,448 - INFO - Starting contas_a_pagar
2024-03-15 00:43:46,451 - DEBUG - Starting new HTTPS connection (1): api.sienge.com.br:443
2024-03-15 00:43:47,439 - DEBUG - https://api.sienge.com.br:443 "GET /retrofit/public/api/bulk-data/v1/outcome?startDate=2024-02-01&endDate=2024-03-31&selectionType=P&correctionIndexerId=0&correctionDate=2024-02-01 HTTP/1.1" 200 None
2024-03-15 00:44:31,867 - DEBUG - URL being requested: GET https://sheets.googleapis.com/v4/spreadsheets/1PMEixuKquGtJE2oyvCCLt96LFl5yqVfwAOMWcTz-FU4/values/%27plano_financeiro%27?majorDimension=ROWS&valueRenderOption=UNFORMATTED_VALUE&dateTimeRenderOption=SERIAL_NUMBER&alt=json
2024-03-15 00:44:32,236 - DEBUG - URL being requested: POST https://sheets.googleapis.com/v4/spreadsheets/1PMEixuKquGtJE2oyvCCLt96LFl5yqVfwAOMWcTz-FU4:batchUpdate?fields=%2A&alt=json
2024-03-15 00:44:32,481 - DEBUG - URL being requested: GET https://sheets.googleapis.com/v4/spreadsheets/1PMEixuKquGtJE2oyvCCLt96LFl5yqVfwAOMWcTz-FU4?fields=properties%2Csheets%28properties%2CprotectedRanges%2Cmerges%2CconditionalFormats%2CfilterViews%29%2CspreadsheetId%2CnamedRanges&includeGridData=false&alt=json
2024-03-15 00:44:32,621 - DEBUG - URL being requested: PUT https://sheets.googleapis.com/v4/spreadsheets/1PMEixuKquGtJE2oyvCCLt96LFl5yqVfwAOMWcTz-FU4/values/%27contas_a_pagar%27%21A1%3AG2?valueInputOption=USER_ENTERED&alt=json
2024-03-15 00:44:32,845 - DEBUG - URL being requested: GET https://sheets.googleapis.com/v4/spreadsheets/1PMEixuKquGtJE2oyvCCLt96LFl5yqVfwAOMWcTz-FU4?fields=properties%2Csheets%28properties%2CprotectedRanges%2Cmerges%2CconditionalFormats%2CfilterViews%29%2CspreadsheetId%2CnamedRanges&includeGridData=false&alt=json
2024-03-15 00:44:32,984 - DEBUG - URL being requested: POST https://sheets.googleapis.com/v4/spreadsheets/1PMEixuKquGtJE2oyvCCLt96LFl5yqVfwAOMWcTz-FU4:batchUpdate?fields=%2A&alt=json
2024-03-15 00:44:33,236 - DEBUG - URL being requested: PUT https://sheets.googleapis.com/v4/spreadsheets/1PMEixuKquGtJE2oyvCCLt96LFl5yqVfwAOMWcTz-FU4/values/%27contas_a_pagar%27%21A2%3AG8335?valueInputOption=USER_ENTERED&alt=json
2024-03-15 00:44:35,018 - DEBUG - URL being requested: PUT https://sheets.googleapis.com/v4/spreadsheets/1PMEixuKquGtJE2oyvCCLt96LFl5yqVfwAOMWcTz-FU4/values/%27contas_a_pagar%27%21A8335%3AG16668?valueInputOption=USER_ENTERED&alt=json
2024-03-15 00:44:36,587 - DEBUG - URL being requested: PUT https://sheets.googleapis.com/v4/spreadsheets/1PMEixuKquGtJE2oyvCCLt96LFl5yqVfwAOMWcTz-FU4/values/%27contas_a_pagar%27%21A16668%3AG18776?valueInputOption=USER_ENTERED&alt=json
2024-03-15 00:44:37,281 - DEBUG - URL being requested: POST https://sheets.googleapis.com/v4/spreadsheets/1PMEixuKquGtJE2oyvCCLt96LFl5yqVfwAOMWcTz-FU4:batchUpdate?fields=%2A&alt=json
2024-03-15 00:44:43,815 - DEBUG - URL being requested: GET https://sheets.googleapis.com/v4/spreadsheets/1PMEixuKquGtJE2oyvCCLt96LFl5yqVfwAOMWcTz-FU4/values/%27contas_a_receber%27?majorDimension=ROWS&valueRenderOption=UNFORMATTED_VALUE&dateTimeRenderOption=SERIAL_NUMBER&alt=json
2024-03-15 00:44:43,990 - INFO - Starting contas_a_receber
2024-03-15 00:44:43,991 - DEBUG - Starting new HTTPS connection (1): api.sienge.com.br:443
2024-03-15 00:44:44,503 - DEBUG - https://api.sienge.com.br:443 "GET /retrofit/public/api/bulk-data/v1/income?startDate=2024-02-01&endDate=2024-03-31&selectionType=P HTTP/1.1" 200 None
2024-03-15 00:44:44,559 - DEBUG - URL being requested: POST https://sheets.googleapis.com/v4/spreadsheets/1PMEixuKquGtJE2oyvCCLt96LFl5yqVfwAOMWcTz-FU4:batchUpdate?fields=%2A&alt=json
2024-03-15 00:44:44,787 - DEBUG - URL being requested: GET https://sheets.googleapis.com/v4/spreadsheets/1PMEixuKquGtJE2oyvCCLt96LFl5yqVfwAOMWcTz-FU4?fields=properties%2Csheets%28properties%2CprotectedRanges%2Cmerges%2CconditionalFormats%2CfilterViews%29%2CspreadsheetId%2CnamedRanges&includeGridData=false&alt=json
2024-03-15 00:44:44,926 - DEBUG - URL being requested: PUT https://sheets.googleapis.com/v4/spreadsheets/1PMEixuKquGtJE2oyvCCLt96LFl5yqVfwAOMWcTz-FU4/values/%27contas_a_receber%27%21A1%3AE2?valueInputOption=USER_ENTERED&alt=json
2024-03-15 00:44:45,110 - DEBUG - URL being requested: GET https://sheets.googleapis.com/v4/spreadsheets/1PMEixuKquGtJE2oyvCCLt96LFl5yqVfwAOMWcTz-FU4?fields=properties%2Csheets%28properties%2CprotectedRanges%2Cmerges%2CconditionalFormats%2CfilterViews%29%2CspreadsheetId%2CnamedRanges&includeGridData=false&alt=json
2024-03-15 00:44:45,253 - DEBUG - URL being requested: PUT https://sheets.googleapis.com/v4/spreadsheets/1PMEixuKquGtJE2oyvCCLt96LFl5yqVfwAOMWcTz-FU4/values/%27contas_a_receber%27%21A2%3AE654?valueInputOption=USER_ENTERED&alt=json
2024-03-15 00:44:45,531 - DEBUG - URL being requested: POST https://sheets.googleapis.com/v4/spreadsheets/1PMEixuKquGtJE2oyvCCLt96LFl5yqVfwAOMWcTz-FU4:batchUpdate?fields=%2A&alt=json
2024-03-15 00:44:46,269 - DEBUG - URL being requested: GET https://sheets.googleapis.com/v4/spreadsheets/1PMEixuKquGtJE2oyvCCLt96LFl5yqVfwAOMWcTz-FU4/values/%27contas_a_receber_vencimento%27?majorDimension=ROWS&valueRenderOption=UNFORMATTED_VALUE&dateTimeRenderOption=SERIAL_NUMBER&alt=json
2024-03-15 00:44:46,435 - INFO - Starting contas_a_receber_vencimento
2024-03-15 00:44:46,436 - DEBUG - Starting new HTTPS connection (1): api.sienge.com.br:443
2024-03-15 00:44:46,955 - DEBUG - https://api.sienge.com.br:443 "GET /retrofit/public/api/bulk-data/v1/income?startDate=2024-02-01&endDate=2025-09-30&selectionType=D HTTP/1.1" 200 None
2024-03-15 00:44:47,127 - DEBUG - URL being requested: POST https://sheets.googleapis.com/v4/spreadsheets/1PMEixuKquGtJE2oyvCCLt96LFl5yqVfwAOMWcTz-FU4:batchUpdate?fields=%2A&alt=json
2024-03-15 00:44:47,365 - DEBUG - URL being requested: GET https://sheets.googleapis.com/v4/spreadsheets/1PMEixuKquGtJE2oyvCCLt96LFl5yqVfwAOMWcTz-FU4?fields=properties%2Csheets%28properties%2CprotectedRanges%2Cmerges%2CconditionalFormats%2CfilterViews%29%2CspreadsheetId%2CnamedRanges&includeGridData=false&alt=json
2024-03-15 00:44:47,515 - DEBUG - URL being requested: PUT https://sheets.googleapis.com/v4/spreadsheets/1PMEixuKquGtJE2oyvCCLt96LFl5yqVfwAOMWcTz-FU4/values/%27contas_a_receber_vencimento%27%21A1%3AE2?valueInputOption=USER_ENTERED&alt=json
2024-03-15 00:44:47,708 - DEBUG - URL being requested: GET https://sheets.googleapis.com/v4/spreadsheets/1PMEixuKquGtJE2oyvCCLt96LFl5yqVfwAOMWcTz-FU4?fields=properties%2Csheets%28properties%2CprotectedRanges%2Cmerges%2CconditionalFormats%2CfilterViews%29%2CspreadsheetId%2CnamedRanges&includeGridData=false&alt=json
2024-03-15 00:44:47,853 - DEBUG - URL being requested: PUT https://sheets.googleapis.com/v4/spreadsheets/1PMEixuKquGtJE2oyvCCLt96LFl5yqVfwAOMWcTz-FU4/values/%27contas_a_receber_vencimento%27%21A2%3AE696?valueInputOption=USER_ENTERED&alt=json
2024-03-15 00:44:48,114 - DEBUG - URL being requested: POST https://sheets.googleapis.com/v4/spreadsheets/1PMEixuKquGtJE2oyvCCLt96LFl5yqVfwAOMWcTz-FU4:batchUpdate?fields=%2A&alt=json
2024-03-15 00:44:48,777 - INFO - Starting orcamento_empresarial
2024-03-15 00:44:48,778 - DEBUG - Starting new HTTPS connection (1): api.sienge.com.br:443
2024-03-15 00:44:49,212 - DEBUG - https://api.sienge.com.br:443 "GET /retrofit/public/api/bulk-data/v1/business-budget?startDate=2000-01-01&endDate=2025-09-30 HTTP/1.1" 200 None
2024-03-15 00:44:57,155 - INFO - Starting correlate_projects_description
2024-03-15 00:44:57,168 - DEBUG - URL being requested: POST https://sheets.googleapis.com/v4/spreadsheets/1PMEixuKquGtJE2oyvCCLt96LFl5yqVfwAOMWcTz-FU4:batchUpdate?fields=%2A&alt=json
2024-03-15 00:44:57,436 - DEBUG - URL being requested: GET https://sheets.googleapis.com/v4/spreadsheets/1PMEixuKquGtJE2oyvCCLt96LFl5yqVfwAOMWcTz-FU4?fields=properties%2Csheets%28properties%2CprotectedRanges%2Cmerges%2CconditionalFormats%2CfilterViews%29%2CspreadsheetId%2CnamedRanges&includeGridData=false&alt=json
2024-03-15 00:44:57,577 - DEBUG - URL being requested: PUT https://sheets.googleapis.com/v4/spreadsheets/1PMEixuKquGtJE2oyvCCLt96LFl5yqVfwAOMWcTz-FU4/values/%27projectId_description_non_related%27%21A1%3AD2?valueInputOption=USER_ENTERED&alt=json
2024-03-15 00:44:57,763 - DEBUG - URL being requested: GET https://sheets.googleapis.com/v4/spreadsheets/1PMEixuKquGtJE2oyvCCLt96LFl5yqVfwAOMWcTz-FU4?fields=properties%2Csheets%28properties%2CprotectedRanges%2Cmerges%2CconditionalFormats%2CfilterViews%29%2CspreadsheetId%2CnamedRanges&includeGridData=false&alt=json
2024-03-15 00:44:57,910 - DEBUG - URL being requested: PUT https://sheets.googleapis.com/v4/spreadsheets/1PMEixuKquGtJE2oyvCCLt96LFl5yqVfwAOMWcTz-FU4/values/%27projectId_description_non_related%27%21A2%3AD82?valueInputOption=USER_ENTERED&alt=json
2024-03-15 00:44:58,107 - DEBUG - URL being requested: POST https://sheets.googleapis.com/v4/spreadsheets/1PMEixuKquGtJE2oyvCCLt96LFl5yqVfwAOMWcTz-FU4:batchUpdate?fields=%2A&alt=json
2024-03-15 00:44:58,435 - DEBUG - URL being requested: POST https://sheets.googleapis.com/v4/spreadsheets/1PMEixuKquGtJE2oyvCCLt96LFl5yqVfwAOMWcTz-FU4:batchUpdate?fields=%2A&alt=json
2024-03-15 00:44:58,667 - DEBUG - URL being requested: GET https://sheets.googleapis.com/v4/spreadsheets/1PMEixuKquGtJE2oyvCCLt96LFl5yqVfwAOMWcTz-FU4?fields=properties%2Csheets%28properties%2CprotectedRanges%2Cmerges%2CconditionalFormats%2CfilterViews%29%2CspreadsheetId%2CnamedRanges&includeGridData=false&alt=json
2024-03-15 00:44:58,805 - DEBUG - URL being requested: PUT https://sheets.googleapis.com/v4/spreadsheets/1PMEixuKquGtJE2oyvCCLt96LFl5yqVfwAOMWcTz-FU4/values/%27orcamento_empresarial%27%21A1%3AI2?valueInputOption=USER_ENTERED&alt=json
2024-03-15 00:44:58,996 - DEBUG - URL being requested: GET https://sheets.googleapis.com/v4/spreadsheets/1PMEixuKquGtJE2oyvCCLt96LFl5yqVfwAOMWcTz-FU4?fields=properties%2Csheets%28properties%2CprotectedRanges%2Cmerges%2CconditionalFormats%2CfilterViews%29%2CspreadsheetId%2CnamedRanges&includeGridData=false&alt=json
2024-03-15 00:44:59,132 - DEBUG - URL being requested: PUT https://sheets.googleapis.com/v4/spreadsheets/1PMEixuKquGtJE2oyvCCLt96LFl5yqVfwAOMWcTz-FU4/values/%27orcamento_empresarial%27%21A2%3AI1225?valueInputOption=USER_ENTERED&alt=json
2024-03-15 00:44:59,599 - DEBUG - URL being requested: POST https://sheets.googleapis.com/v4/spreadsheets/1PMEixuKquGtJE2oyvCCLt96LFl5yqVfwAOMWcTz-FU4:batchUpdate?fields=%2A&alt=json
2024-03-15 00:45:00,642 - INFO - Starting orcamento_planejado
2024-03-15 00:45:00,643 - DEBUG - Starting new HTTPS connection (1): api.sienge.com.br:443
2024-03-15 00:45:01,035 - DEBUG - https://api.sienge.com.br:443 "GET /retrofit/public/api/bulk-data/v1/building-cost-estimation-items HTTP/1.1" 200 None
2024-03-15 00:45:17,871 - DEBUG - URL being requested: POST https://sheets.googleapis.com/v4/spreadsheets/1PMEixuKquGtJE2oyvCCLt96LFl5yqVfwAOMWcTz-FU4:batchUpdate?fields=%2A&alt=json
2024-03-15 00:45:18,144 - DEBUG - URL being requested: GET https://sheets.googleapis.com/v4/spreadsheets/1PMEixuKquGtJE2oyvCCLt96LFl5yqVfwAOMWcTz-FU4?fields=properties%2Csheets%28properties%2CprotectedRanges%2Cmerges%2CconditionalFormats%2CfilterViews%29%2CspreadsheetId%2CnamedRanges&includeGridData=false&alt=json
2024-03-15 00:45:18,286 - DEBUG - URL being requested: PUT https://sheets.googleapis.com/v4/spreadsheets/1PMEixuKquGtJE2oyvCCLt96LFl5yqVfwAOMWcTz-FU4/values/%27orcamento_planejado%27%21A1%3AD2?valueInputOption=USER_ENTERED&alt=json
2024-03-15 00:45:18,464 - DEBUG - URL being requested: GET https://sheets.googleapis.com/v4/spreadsheets/1PMEixuKquGtJE2oyvCCLt96LFl5yqVfwAOMWcTz-FU4?fields=properties%2Csheets%28properties%2CprotectedRanges%2Cmerges%2CconditionalFormats%2CfilterViews%29%2CspreadsheetId%2CnamedRanges&includeGridData=false&alt=json
2024-03-15 00:45:18,604 - DEBUG - URL being requested: PUT https://sheets.googleapis.com/v4/spreadsheets/1PMEixuKquGtJE2oyvCCLt96LFl5yqVfwAOMWcTz-FU4/values/%27orcamento_planejado%27%21A2%3AD132?valueInputOption=USER_ENTERED&alt=json
2024-03-15 00:45:18,808 - DEBUG - URL being requested: POST https://sheets.googleapis.com/v4/spreadsheets/1PMEixuKquGtJE2oyvCCLt96LFl5yqVfwAOMWcTz-FU4:batchUpdate?fields=%2A&alt=json
2024-03-15 00:45:19,664 - INFO - Finished update
