2024-04-09 00:44:00,998 - INFO -  main.py update
2024-04-09 00:44:00,999 - INFO - Starting ApiManager
2024-04-09 00:44:01,006 - DEBUG - URL being requested: GET https://www.googleapis.com/drive/v3/files?fields=files%28id%2C+name%2C+parents%29%2C+nextPageToken%2C+incompleteSearch&q=mimeType%3D%27application%2Fvnd.google-apps.spreadsheet%27&pageSize=500&orderBy=recency&alt=json
2024-04-09 00:44:01,031 - DEBUG - Making request: POST https://oauth2.googleapis.com/token
2024-04-09 00:44:01,543 - DEBUG - URL being requested: GET https://sheets.googleapis.com/v4/spreadsheets/1PMEixuKquGtJE2oyvCCLt96LFl5yqVfwAOMWcTz-FU4?includeGridData=false&fields=%2A&alt=json
2024-04-09 00:44:03,371 - INFO - Starting update
2024-04-09 00:44:03,371 - INFO - Starting plano_financeiro
2024-04-09 00:44:03,373 - DEBUG - Starting new HTTPS connection (1): api.sienge.com.br:443
2024-04-09 00:44:03,731 - DEBUG - https://api.sienge.com.br:443 "GET /retrofit/public/api/v1/payment-categories HTTP/1.1" 200 None
2024-04-09 00:44:03,748 - DEBUG - URL being requested: POST https://sheets.googleapis.com/v4/spreadsheets/1PMEixuKquGtJE2oyvCCLt96LFl5yqVfwAOMWcTz-FU4:batchUpdate?fields=%2A&alt=json
2024-04-09 00:44:04,518 - DEBUG - URL being requested: GET https://sheets.googleapis.com/v4/spreadsheets/1PMEixuKquGtJE2oyvCCLt96LFl5yqVfwAOMWcTz-FU4?fields=properties%2Csheets%28properties%2CprotectedRanges%2Cmerges%2CconditionalFormats%2CfilterViews%29%2CspreadsheetId%2CnamedRanges&includeGridData=false&alt=json
2024-04-09 00:44:04,701 - DEBUG - URL being requested: PUT https://sheets.googleapis.com/v4/spreadsheets/1PMEixuKquGtJE2oyvCCLt96LFl5yqVfwAOMWcTz-FU4/values/%27plano_financeiro%27%21A1%3AC2?valueInputOption=USER_ENTERED&alt=json
2024-04-09 00:44:04,937 - DEBUG - URL being requested: GET https://sheets.googleapis.com/v4/spreadsheets/1PMEixuKquGtJE2oyvCCLt96LFl5yqVfwAOMWcTz-FU4?fields=properties%2Csheets%28properties%2CprotectedRanges%2Cmerges%2CconditionalFormats%2CfilterViews%29%2CspreadsheetId%2CnamedRanges&includeGridData=false&alt=json
2024-04-09 00:44:05,214 - DEBUG - URL being requested: PUT https://sheets.googleapis.com/v4/spreadsheets/1PMEixuKquGtJE2oyvCCLt96LFl5yqVfwAOMWcTz-FU4/values/%27plano_financeiro%27%21A2%3AC202?valueInputOption=USER_ENTERED&alt=json
2024-04-09 00:44:05,454 - DEBUG - URL being requested: POST https://sheets.googleapis.com/v4/spreadsheets/1PMEixuKquGtJE2oyvCCLt96LFl5yqVfwAOMWcTz-FU4:batchUpdate?fields=%2A&alt=json
2024-04-09 00:44:06,381 - DEBUG - URL being requested: GET https://sheets.googleapis.com/v4/spreadsheets/1PMEixuKquGtJE2oyvCCLt96LFl5yqVfwAOMWcTz-FU4/values/%27contas_a_pagar%27?majorDimension=ROWS&valueRenderOption=UNFORMATTED_VALUE&dateTimeRenderOption=SERIAL_NUMBER&alt=json
2024-04-09 00:44:06,963 - INFO - Starting contas_a_pagar
2024-04-09 00:44:06,965 - DEBUG - Starting new HTTPS connection (1): api.sienge.com.br:443
2024-04-09 00:44:07,828 - DEBUG - https://api.sienge.com.br:443 "GET /retrofit/public/api/bulk-data/v1/outcome?startDate=2024-03-01&endDate=2024-04-30&selectionType=P&correctionIndexerId=0&correctionDate=2024-03-01 HTTP/1.1" 200 None
2024-04-09 00:44:53,933 - DEBUG - URL being requested: GET https://sheets.googleapis.com/v4/spreadsheets/1PMEixuKquGtJE2oyvCCLt96LFl5yqVfwAOMWcTz-FU4/values/%27plano_financeiro%27?majorDimension=ROWS&valueRenderOption=UNFORMATTED_VALUE&dateTimeRenderOption=SERIAL_NUMBER&alt=json
2024-04-09 00:44:54,267 - DEBUG - URL being requested: POST https://sheets.googleapis.com/v4/spreadsheets/1PMEixuKquGtJE2oyvCCLt96LFl5yqVfwAOMWcTz-FU4:batchUpdate?fields=%2A&alt=json
2024-04-09 00:44:54,540 - DEBUG - URL being requested: GET https://sheets.googleapis.com/v4/spreadsheets/1PMEixuKquGtJE2oyvCCLt96LFl5yqVfwAOMWcTz-FU4?fields=properties%2Csheets%28properties%2CprotectedRanges%2Cmerges%2CconditionalFormats%2CfilterViews%29%2CspreadsheetId%2CnamedRanges&includeGridData=false&alt=json
2024-04-09 00:44:54,685 - DEBUG - URL being requested: PUT https://sheets.googleapis.com/v4/spreadsheets/1PMEixuKquGtJE2oyvCCLt96LFl5yqVfwAOMWcTz-FU4/values/%27contas_a_pagar%27%21A1%3AG2?valueInputOption=USER_ENTERED&alt=json
2024-04-09 00:44:54,907 - DEBUG - URL being requested: GET https://sheets.googleapis.com/v4/spreadsheets/1PMEixuKquGtJE2oyvCCLt96LFl5yqVfwAOMWcTz-FU4?fields=properties%2Csheets%28properties%2CprotectedRanges%2Cmerges%2CconditionalFormats%2CfilterViews%29%2CspreadsheetId%2CnamedRanges&includeGridData=false&alt=json
2024-04-09 00:44:55,073 - DEBUG - URL being requested: PUT https://sheets.googleapis.com/v4/spreadsheets/1PMEixuKquGtJE2oyvCCLt96LFl5yqVfwAOMWcTz-FU4/values/%27contas_a_pagar%27%21A2%3AG8335?valueInputOption=USER_ENTERED&alt=json
2024-04-09 00:44:57,341 - DEBUG - URL being requested: PUT https://sheets.googleapis.com/v4/spreadsheets/1PMEixuKquGtJE2oyvCCLt96LFl5yqVfwAOMWcTz-FU4/values/%27contas_a_pagar%27%21A8335%3AG16668?valueInputOption=USER_ENTERED&alt=json
2024-04-09 00:44:58,572 - DEBUG - URL being requested: PUT https://sheets.googleapis.com/v4/spreadsheets/1PMEixuKquGtJE2oyvCCLt96LFl5yqVfwAOMWcTz-FU4/values/%27contas_a_pagar%27%21A16668%3AG19212?valueInputOption=USER_ENTERED&alt=json
2024-04-09 00:44:59,083 - DEBUG - URL being requested: POST https://sheets.googleapis.com/v4/spreadsheets/1PMEixuKquGtJE2oyvCCLt96LFl5yqVfwAOMWcTz-FU4:batchUpdate?fields=%2A&alt=json
2024-04-09 00:44:59,653 - DEBUG - URL being requested: GET https://sheets.googleapis.com/v4/spreadsheets/1PMEixuKquGtJE2oyvCCLt96LFl5yqVfwAOMWcTz-FU4/values/%27contas_a_receber%27?majorDimension=ROWS&valueRenderOption=UNFORMATTED_VALUE&dateTimeRenderOption=SERIAL_NUMBER&alt=json
2024-04-09 00:44:59,798 - INFO - Starting contas_a_receber
2024-04-09 00:44:59,800 - DEBUG - Starting new HTTPS connection (1): api.sienge.com.br:443
2024-04-09 00:45:00,291 - DEBUG - https://api.sienge.com.br:443 "GET /retrofit/public/api/bulk-data/v1/income?startDate=2024-03-01&endDate=2024-04-30&selectionType=P HTTP/1.1" 200 None
2024-04-09 00:45:00,346 - DEBUG - URL being requested: POST https://sheets.googleapis.com/v4/spreadsheets/1PMEixuKquGtJE2oyvCCLt96LFl5yqVfwAOMWcTz-FU4:batchUpdate?fields=%2A&alt=json
2024-04-09 00:45:00,608 - DEBUG - URL being requested: GET https://sheets.googleapis.com/v4/spreadsheets/1PMEixuKquGtJE2oyvCCLt96LFl5yqVfwAOMWcTz-FU4?fields=properties%2Csheets%28properties%2CprotectedRanges%2Cmerges%2CconditionalFormats%2CfilterViews%29%2CspreadsheetId%2CnamedRanges&includeGridData=false&alt=json
2024-04-09 00:45:00,750 - DEBUG - URL being requested: PUT https://sheets.googleapis.com/v4/spreadsheets/1PMEixuKquGtJE2oyvCCLt96LFl5yqVfwAOMWcTz-FU4/values/%27contas_a_receber%27%21A1%3AE2?valueInputOption=USER_ENTERED&alt=json
2024-04-09 00:45:01,088 - DEBUG - URL being requested: GET https://sheets.googleapis.com/v4/spreadsheets/1PMEixuKquGtJE2oyvCCLt96LFl5yqVfwAOMWcTz-FU4?fields=properties%2Csheets%28properties%2CprotectedRanges%2Cmerges%2CconditionalFormats%2CfilterViews%29%2CspreadsheetId%2CnamedRanges&includeGridData=false&alt=json
2024-04-09 00:45:01,235 - DEBUG - URL being requested: PUT https://sheets.googleapis.com/v4/spreadsheets/1PMEixuKquGtJE2oyvCCLt96LFl5yqVfwAOMWcTz-FU4/values/%27contas_a_receber%27%21A2%3AE667?valueInputOption=USER_ENTERED&alt=json
2024-04-09 00:45:01,502 - DEBUG - URL being requested: POST https://sheets.googleapis.com/v4/spreadsheets/1PMEixuKquGtJE2oyvCCLt96LFl5yqVfwAOMWcTz-FU4:batchUpdate?fields=%2A&alt=json
2024-04-09 00:45:01,821 - DEBUG - URL being requested: GET https://sheets.googleapis.com/v4/spreadsheets/1PMEixuKquGtJE2oyvCCLt96LFl5yqVfwAOMWcTz-FU4/values/%27contas_a_receber_vencimento%27?majorDimension=ROWS&valueRenderOption=UNFORMATTED_VALUE&dateTimeRenderOption=SERIAL_NUMBER&alt=json
2024-04-09 00:45:01,990 - INFO - Starting contas_a_receber_vencimento
2024-04-09 00:45:01,991 - DEBUG - Starting new HTTPS connection (1): api.sienge.com.br:443
2024-04-09 00:45:02,398 - DEBUG - https://api.sienge.com.br:443 "GET /retrofit/public/api/bulk-data/v1/income?startDate=2024-03-01&endDate=2025-10-31&selectionType=D HTTP/1.1" 200 None
2024-04-09 00:45:02,590 - DEBUG - URL being requested: POST https://sheets.googleapis.com/v4/spreadsheets/1PMEixuKquGtJE2oyvCCLt96LFl5yqVfwAOMWcTz-FU4:batchUpdate?fields=%2A&alt=json
2024-04-09 00:45:02,849 - DEBUG - URL being requested: GET https://sheets.googleapis.com/v4/spreadsheets/1PMEixuKquGtJE2oyvCCLt96LFl5yqVfwAOMWcTz-FU4?fields=properties%2Csheets%28properties%2CprotectedRanges%2Cmerges%2CconditionalFormats%2CfilterViews%29%2CspreadsheetId%2CnamedRanges&includeGridData=false&alt=json
2024-04-09 00:45:02,988 - DEBUG - URL being requested: PUT https://sheets.googleapis.com/v4/spreadsheets/1PMEixuKquGtJE2oyvCCLt96LFl5yqVfwAOMWcTz-FU4/values/%27contas_a_receber_vencimento%27%21A1%3AE2?valueInputOption=USER_ENTERED&alt=json
2024-04-09 00:45:03,201 - DEBUG - URL being requested: GET https://sheets.googleapis.com/v4/spreadsheets/1PMEixuKquGtJE2oyvCCLt96LFl5yqVfwAOMWcTz-FU4?fields=properties%2Csheets%28properties%2CprotectedRanges%2Cmerges%2CconditionalFormats%2CfilterViews%29%2CspreadsheetId%2CnamedRanges&includeGridData=false&alt=json
2024-04-09 00:45:03,355 - DEBUG - URL being requested: PUT https://sheets.googleapis.com/v4/spreadsheets/1PMEixuKquGtJE2oyvCCLt96LFl5yqVfwAOMWcTz-FU4/values/%27contas_a_receber_vencimento%27%21A2%3AE713?valueInputOption=USER_ENTERED&alt=json
2024-04-09 00:45:03,617 - DEBUG - URL being requested: POST https://sheets.googleapis.com/v4/spreadsheets/1PMEixuKquGtJE2oyvCCLt96LFl5yqVfwAOMWcTz-FU4:batchUpdate?fields=%2A&alt=json
2024-04-09 00:45:04,332 - INFO - Starting orcamento_empresarial
2024-04-09 00:45:04,333 - DEBUG - Starting new HTTPS connection (1): api.sienge.com.br:443
2024-04-09 00:45:04,872 - DEBUG - https://api.sienge.com.br:443 "GET /retrofit/public/api/bulk-data/v1/business-budget?startDate=2000-01-01&endDate=2025-10-31 HTTP/1.1" 200 None
2024-04-09 00:45:13,927 - INFO - Starting correlate_projects_description
2024-04-09 00:45:13,940 - DEBUG - URL being requested: POST https://sheets.googleapis.com/v4/spreadsheets/1PMEixuKquGtJE2oyvCCLt96LFl5yqVfwAOMWcTz-FU4:batchUpdate?fields=%2A&alt=json
2024-04-09 00:45:14,233 - DEBUG - URL being requested: GET https://sheets.googleapis.com/v4/spreadsheets/1PMEixuKquGtJE2oyvCCLt96LFl5yqVfwAOMWcTz-FU4?fields=properties%2Csheets%28properties%2CprotectedRanges%2Cmerges%2CconditionalFormats%2CfilterViews%29%2CspreadsheetId%2CnamedRanges&includeGridData=false&alt=json
2024-04-09 00:45:14,362 - DEBUG - URL being requested: PUT https://sheets.googleapis.com/v4/spreadsheets/1PMEixuKquGtJE2oyvCCLt96LFl5yqVfwAOMWcTz-FU4/values/%27projectId_description_non_related%27%21A1%3AD2?valueInputOption=USER_ENTERED&alt=json
2024-04-09 00:45:14,594 - DEBUG - URL being requested: GET https://sheets.googleapis.com/v4/spreadsheets/1PMEixuKquGtJE2oyvCCLt96LFl5yqVfwAOMWcTz-FU4?fields=properties%2Csheets%28properties%2CprotectedRanges%2Cmerges%2CconditionalFormats%2CfilterViews%29%2CspreadsheetId%2CnamedRanges&includeGridData=false&alt=json
2024-04-09 00:45:14,736 - DEBUG - URL being requested: PUT https://sheets.googleapis.com/v4/spreadsheets/1PMEixuKquGtJE2oyvCCLt96LFl5yqVfwAOMWcTz-FU4/values/%27projectId_description_non_related%27%21A2%3AD84?valueInputOption=USER_ENTERED&alt=json
2024-04-09 00:45:14,950 - DEBUG - URL being requested: POST https://sheets.googleapis.com/v4/spreadsheets/1PMEixuKquGtJE2oyvCCLt96LFl5yqVfwAOMWcTz-FU4:batchUpdate?fields=%2A&alt=json
2024-04-09 00:45:15,300 - DEBUG - URL being requested: POST https://sheets.googleapis.com/v4/spreadsheets/1PMEixuKquGtJE2oyvCCLt96LFl5yqVfwAOMWcTz-FU4:batchUpdate?fields=%2A&alt=json
2024-04-09 00:45:15,564 - DEBUG - URL being requested: GET https://sheets.googleapis.com/v4/spreadsheets/1PMEixuKquGtJE2oyvCCLt96LFl5yqVfwAOMWcTz-FU4?fields=properties%2Csheets%28properties%2CprotectedRanges%2Cmerges%2CconditionalFormats%2CfilterViews%29%2CspreadsheetId%2CnamedRanges&includeGridData=false&alt=json
2024-04-09 00:45:15,693 - DEBUG - URL being requested: PUT https://sheets.googleapis.com/v4/spreadsheets/1PMEixuKquGtJE2oyvCCLt96LFl5yqVfwAOMWcTz-FU4/values/%27orcamento_empresarial%27%21A1%3AI2?valueInputOption=USER_ENTERED&alt=json
2024-04-09 00:45:15,906 - DEBUG - URL being requested: GET https://sheets.googleapis.com/v4/spreadsheets/1PMEixuKquGtJE2oyvCCLt96LFl5yqVfwAOMWcTz-FU4?fields=properties%2Csheets%28properties%2CprotectedRanges%2Cmerges%2CconditionalFormats%2CfilterViews%29%2CspreadsheetId%2CnamedRanges&includeGridData=false&alt=json
2024-04-09 00:45:16,053 - DEBUG - URL being requested: PUT https://sheets.googleapis.com/v4/spreadsheets/1PMEixuKquGtJE2oyvCCLt96LFl5yqVfwAOMWcTz-FU4/values/%27orcamento_empresarial%27%21A2%3AI1252?valueInputOption=USER_ENTERED&alt=json
2024-04-09 00:45:16,436 - DEBUG - URL being requested: POST https://sheets.googleapis.com/v4/spreadsheets/1PMEixuKquGtJE2oyvCCLt96LFl5yqVfwAOMWcTz-FU4:batchUpdate?fields=%2A&alt=json
2024-04-09 00:45:16,859 - INFO - Starting orcamento_planejado
2024-04-09 00:45:16,860 - DEBUG - Starting new HTTPS connection (1): api.sienge.com.br:443
2024-04-09 00:45:17,349 - DEBUG - https://api.sienge.com.br:443 "GET /retrofit/public/api/bulk-data/v1/building-cost-estimation-items HTTP/1.1" 200 None
2024-04-09 00:45:34,382 - DEBUG - URL being requested: POST https://sheets.googleapis.com/v4/spreadsheets/1PMEixuKquGtJE2oyvCCLt96LFl5yqVfwAOMWcTz-FU4:batchUpdate?fields=%2A&alt=json
2024-04-09 00:45:34,654 - DEBUG - URL being requested: GET https://sheets.googleapis.com/v4/spreadsheets/1PMEixuKquGtJE2oyvCCLt96LFl5yqVfwAOMWcTz-FU4?fields=properties%2Csheets%28properties%2CprotectedRanges%2Cmerges%2CconditionalFormats%2CfilterViews%29%2CspreadsheetId%2CnamedRanges&includeGridData=false&alt=json
2024-04-09 00:45:34,799 - DEBUG - URL being requested: PUT https://sheets.googleapis.com/v4/spreadsheets/1PMEixuKquGtJE2oyvCCLt96LFl5yqVfwAOMWcTz-FU4/values/%27orcamento_planejado%27%21A1%3AD2?valueInputOption=USER_ENTERED&alt=json
2024-04-09 00:45:35,004 - DEBUG - URL being requested: GET https://sheets.googleapis.com/v4/spreadsheets/1PMEixuKquGtJE2oyvCCLt96LFl5yqVfwAOMWcTz-FU4?fields=properties%2Csheets%28properties%2CprotectedRanges%2Cmerges%2CconditionalFormats%2CfilterViews%29%2CspreadsheetId%2CnamedRanges&includeGridData=false&alt=json
2024-04-09 00:45:35,148 - DEBUG - URL being requested: PUT https://sheets.googleapis.com/v4/spreadsheets/1PMEixuKquGtJE2oyvCCLt96LFl5yqVfwAOMWcTz-FU4/values/%27orcamento_planejado%27%21A2%3AD133?valueInputOption=USER_ENTERED&alt=json
2024-04-09 00:45:35,363 - DEBUG - URL being requested: POST https://sheets.googleapis.com/v4/spreadsheets/1PMEixuKquGtJE2oyvCCLt96LFl5yqVfwAOMWcTz-FU4:batchUpdate?fields=%2A&alt=json
2024-04-09 00:45:36,051 - INFO - Finished update
